<?xml version="1.0" encoding="UTF-8"?>
<!-- Generated by org.testng.reporters.JUnitReportReporter -->
<testsuite hostname="DESKTOP-DK0JRJN" name="newTest.FirstTestNG" tests="1" failures="0" timestamp="10 Feb 2018 20:20:43 GMT" time="14.526" errors="0">
  <testcase name="Login" time="14.526" classname="newTest.FirstTestNG"/>
</testsuite> <!-- newTest.FirstTestNG -->
